[INFO] Scanning for projects...
[INFO] 
[INFO] -----------------------< com.ecommerce:backend >------------------------
[INFO] Building backend 0.0.1-SNAPSHOT
[INFO]   from pom.xml
[INFO] --------------------------------[ jar ]---------------------------------
[INFO] 
[INFO] >>> spring-boot:4.0.2:run (default-cli) > test-compile @ backend >>>
[INFO] 
[INFO] --- resources:3.3.1:resources (default-resources) @ backend ---
[INFO] Copying 1 resource from src\main\resources to target\classes
[INFO] Copying 0 resource from src\main\resources to target\classes
[INFO] 
[INFO] --- compiler:3.14.1:compile (default-compile) @ backend ---
[INFO] Nothing to compile - all classes are up to date.
[INFO] 
[INFO] --- resources:3.3.1:testResources (default-testResources) @ backend ---
[INFO] skip non existing resourceDirectory C:\tt3_2\mini\backend\src\test\resources
[INFO] 
[INFO] --- compiler:3.14.1:testCompile (default-testCompile) @ backend ---
[INFO] Nothing to compile - all classes are up to date.
[INFO] 
[INFO] <<< spring-boot:4.0.2:run (default-cli) < test-compile @ backend <<<
[INFO] 
[INFO] 
[INFO] --- spring-boot:4.0.2:run (default-cli) @ backend ---
[INFO] Attaching agents: []

  .   ____          _            __ _ _
 /\\ / ___'_ __ _ _(_)_ __  __ _ \ \ \ \
( ( )\___ | '_ | '_| | '_ \/ _` | \ \ \ \
 \\/  ___)| |_)| | | | | || (_| |  ) ) ) )
  '  |____| .__|_| |_|_| |_\__, | / / / /
 =========|_|==============|___/=/_/_/_/

 :: Spring Boot ::                (v4.0.2)

2026-03-14T20:01:51.553+05:30  INFO 13656 --- [backend] [           main] c.ecommerce.backend.BackendApplication   : Starting BackendApplication using Java 21.0.9 with PID 13656 (C:\tt3_2\mini\backend\target\classes started by regot in C:\tt3_2\mini\backend)
2026-03-14T20:01:51.561+05:30  INFO 13656 --- [backend] [           main] c.ecommerce.backend.BackendApplication   : No active profile set, falling back to 1 default profile: "default"
2026-03-14T20:01:52.208+05:30  INFO 13656 --- [backend] [           main] .s.d.r.c.RepositoryConfigurationDelegate : Bootstrapping Spring Data JPA repositories in DEFAULT mode.
2026-03-14T20:01:52.271+05:30  INFO 13656 --- [backend] [           main] .s.d.r.c.RepositoryConfigurationDelegate : Finished Spring Data repository scanning in 53 ms. Found 4 JPA repository interfaces.
2026-03-14T20:01:52.708+05:30  INFO 13656 --- [backend] [           main] o.s.boot.tomcat.TomcatWebServer          : Tomcat initialized with port 8080 (http)
2026-03-14T20:01:52.721+05:30  INFO 13656 --- [backend] [           main] o.apache.catalina.core.StandardService   : Starting service [Tomcat]
2026-03-14T20:01:52.723+05:30  INFO 13656 --- [backend] [           main] o.apache.catalina.core.StandardEngine    : Starting Servlet engine: [Apache Tomcat/11.0.15]
2026-03-14T20:01:52.765+05:30  INFO 13656 --- [backend] [           main] b.w.c.s.WebApplicationContextInitializer : Root WebApplicationContext: initialization completed in 1155 ms
2026-03-14T20:01:52.842+05:30  INFO 13656 --- [backend] [           main] org.hibernate.orm.jpa                    : HHH008540: Processing PersistenceUnitInfo [name: default]
2026-03-14T20:01:52.877+05:30  INFO 13656 --- [backend] [           main] org.hibernate.orm.core                   : HHH000001: Hibernate ORM core version 7.2.1.Final
2026-03-14T20:01:53.419+05:30  INFO 13656 --- [backend] [           main] o.s.o.j.p.SpringPersistenceUnitInfo      : No LoadTimeWeaver setup: ignoring JPA class transformer
2026-03-14T20:01:53.453+05:30  INFO 13656 --- [backend] [           main] com.zaxxer.hikari.HikariDataSource       : HikariPool-1 - Starting...
2026-03-14T20:01:53.819+05:30  INFO 13656 --- [backend] [           main] com.zaxxer.hikari.pool.HikariPool        : HikariPool-1 - Added connection com.mysql.cj.jdbc.ConnectionImpl@4cadd4d4
2026-03-14T20:01:53.821+05:30  INFO 13656 --- [backend] [           main] com.zaxxer.hikari.HikariDataSource       : HikariPool-1 - Start completed.
2026-03-14T20:01:53.872+05:30  INFO 13656 --- [backend] [           main] org.hibernate.orm.connections.pooling    : HHH10001005: Database info:
	Database JDBC URL [jdbc:mysql://localhost:3306/ecommerce_db]
	Database driver: MySQL Connector/J
	Database dialect: MySQLDialect
	Database version: 8.0.44
	Default catalog/schema: ecommerce_db/undefined
	Autocommit mode: undefined/unknown
	Isolation level: REPEATABLE_READ [default REPEATABLE_READ]
	JDBC fetch size: none
	Pool: DataSourceConnectionProvider
	Minimum pool size: undefined/unknown
	Maximum pool size: undefined/unknown
2026-03-14T20:01:54.826+05:30  INFO 13656 --- [backend] [           main] org.hibernate.orm.core                   : HHH000489: No JTA platform available (set 'hibernate.transaction.jta.platform' to enable JTA platform integration)
2026-03-14T20:01:54.904+05:30  INFO 13656 --- [backend] [           main] j.LocalContainerEntityManagerFactoryBean : Initialized JPA EntityManagerFactory for persistence unit 'default'
2026-03-14T20:01:54.969+05:30  INFO 13656 --- [backend] [           main] o.s.d.j.r.query.QueryEnhancerFactories   : Hibernate is in classpath; If applicable, HQL parser will be used.
2026-03-14T20:01:55.247+05:30  WARN 13656 --- [backend] [           main] JpaBaseConfiguration$JpaWebConfiguration : spring.jpa.open-in-view is enabled by default. Therefore, database queries may be performed during view rendering. Explicitly configure spring.jpa.open-in-view to disable this warning
2026-03-14T20:01:55.332+05:30  INFO 13656 --- [backend] [           main] r$InitializeUserDetailsManagerConfigurer : Global AuthenticationManager configured with UserDetailsService bean with name customUserDetailsService
2026-03-14T20:01:55.821+05:30  INFO 13656 --- [backend] [           main] o.s.boot.tomcat.TomcatWebServer          : Tomcat started on port 8080 (http) with context path '/'
2026-03-14T20:01:55.824+05:30  INFO 13656 --- [backend] [           main] c.ecommerce.backend.BackendApplication   : Started BackendApplication in 4.577 seconds (process running for 4.839)
2026-03-14T20:02:20.087+05:30  INFO 13656 --- [backend] [nio-8080-exec-1] o.a.c.c.C.[Tomcat].[localhost].[/]       : Initializing Spring DispatcherServlet 'dispatcherServlet'
2026-03-14T20:02:20.087+05:30  INFO 13656 --- [backend] [nio-8080-exec-1] o.s.web.servlet.DispatcherServlet        : Initializing Servlet 'dispatcherServlet'
2026-03-14T20:02:20.087+05:30  INFO 13656 --- [backend] [nio-8080-exec-1] o.s.web.servlet.DispatcherServlet        : Completed initialization in 0 ms
2026-03-14T20:02:20.103+05:30  WARN 13656 --- [backend] [nio-8080-exec-1] o.s.w.s.h.HandlerMappingIntrospector     : Cache miss for REQUEST dispatch to '/api/auth/register' (previous null). Performing CorsConfiguration lookup. This is logged once only at WARN level, and every time at TRACE.
Hibernate: select u1_0.id,u1_0.email,u1_0.name,u1_0.password,u1_0.role from users u1_0 where u1_0.email=?
Hibernate: insert into users (email,name,password,role) values (?,?,?,?)
Hibernate: select u1_0.id,u1_0.email,u1_0.name,u1_0.password,u1_0.role from users u1_0 where u1_0.email=?
Hibernate: select u1_0.id,u1_0.email,u1_0.name,u1_0.password,u1_0.role from users u1_0 where u1_0.email=?
Hibernate: select u1_0.id,u1_0.email,u1_0.name,u1_0.password,u1_0.role from users u1_0 where u1_0.email=?
Hibernate: select u1_0.id,u1_0.email,u1_0.name,u1_0.password,u1_0.role from users u1_0 where u1_0.email=?
Hibernate: select p1_0.id,p1_0.category,p1_0.description,p1_0.gender,p1_0.image_url,p1_0.name,p1_0.price from product p1_0 where p1_0.id=?
Hibernate: select wi1_0.id,wi1_0.product_id,wi1_0.user_id from wishlist_items wi1_0 where wi1_0.user_id=? and wi1_0.product_id=?
Hibernate: insert into wishlist_items (product_id,user_id) values (?,?)
Hibernate: select u1_0.id,u1_0.email,u1_0.name,u1_0.password,u1_0.role from users u1_0 where u1_0.email=?
Hibernate: select u1_0.id,u1_0.email,u1_0.name,u1_0.password,u1_0.role from users u1_0 where u1_0.email=?
Hibernate: select wi1_0.id,wi1_0.product_id,wi1_0.user_id from wishlist_items wi1_0 where wi1_0.user_id=?
Hibernate: select u1_0.id,u1_0.email,u1_0.name,u1_0.password,u1_0.role from users u1_0 where u1_0.email=?
Hibernate: select u1_0.id,u1_0.email,u1_0.name,u1_0.password,u1_0.role from users u1_0 where u1_0.email=?
Hibernate: select u1_0.id,u1_0.email,u1_0.name,u1_0.password,u1_0.role from users u1_0 where u1_0.email=?
Hibernate: select wi1_0.id,wi1_0.product_id,wi1_0.user_id from wishlist_items wi1_0 where wi1_0.user_id=?
Hibernate: select p1_0.id,p1_0.category,p1_0.description,p1_0.gender,p1_0.image_url,p1_0.name,p1_0.price from product p1_0 where p1_0.id=?
Hibernate: select u1_0.id,u1_0.email,u1_0.name,u1_0.password,u1_0.role from users u1_0 where u1_0.email=?
Hibernate: select u1_0.id,u1_0.email,u1_0.name,u1_0.password,u1_0.role from users u1_0 where u1_0.email=?
Hibernate: select u1_0.id,u1_0.email,u1_0.name,u1_0.password,u1_0.role from users u1_0 where u1_0.email=?
Hibernate: select u1_0.id,u1_0.email,u1_0.name,u1_0.password,u1_0.role from users u1_0 where u1_0.email=?
Hibernate: select wi1_0.id,wi1_0.product_id,wi1_0.user_id from wishlist_items wi1_0 where wi1_0.user_id=?
Hibernate: select u1_0.id,u1_0.email,u1_0.name,u1_0.password,u1_0.role from users u1_0 where u1_0.email=?
Hibernate: select u1_0.id,u1_0.email,u1_0.name,u1_0.password,u1_0.role from users u1_0 where u1_0.email=?
Hibernate: select u1_0.id,u1_0.email,u1_0.name,u1_0.password,u1_0.role from users u1_0 where u1_0.email=?
Hibernate: select wi1_0.id,wi1_0.product_id,wi1_0.user_id from wishlist_items wi1_0 where wi1_0.user_id=?
Hibernate: select u1_0.id,u1_0.email,u1_0.name,u1_0.password,u1_0.role from users u1_0 where u1_0.email=?
Hibernate: select u1_0.id,u1_0.email,u1_0.name,u1_0.password,u1_0.role from users u1_0 where u1_0.email=?
Hibernate: select p1_0.id,p1_0.category,p1_0.description,p1_0.gender,p1_0.image_url,p1_0.name,p1_0.price from product p1_0
Hibernate: select u1_0.id,u1_0.email,u1_0.name,u1_0.password,u1_0.role from users u1_0 where u1_0.email=?
Hibernate: select wi1_0.id,wi1_0.product_id,wi1_0.user_id from wishlist_items wi1_0 where wi1_0.user_id=?
Hibernate: select p1_0.id,p1_0.category,p1_0.description,p1_0.gender,p1_0.image_url,p1_0.name,p1_0.price from product p1_0
Hibernate: select u1_0.id,u1_0.email,u1_0.name,u1_0.password,u1_0.role from users u1_0 where u1_0.email=?
Hibernate: select u1_0.id,u1_0.email,u1_0.name,u1_0.password,u1_0.role from users u1_0 where u1_0.email=?
Hibernate: select u1_0.id,u1_0.email,u1_0.name,u1_0.password,u1_0.role from users u1_0 where u1_0.email=?
Hibernate: select wi1_0.id,wi1_0.product_id,wi1_0.user_id from wishlist_items wi1_0 where wi1_0.user_id=?
Hibernate: select u1_0.id,u1_0.email,u1_0.name,u1_0.password,u1_0.role from users u1_0 where u1_0.email=?
Hibernate: select u1_0.id,u1_0.email,u1_0.name,u1_0.password,u1_0.role from users u1_0 where u1_0.email=?
Hibernate: select u1_0.id,u1_0.email,u1_0.name,u1_0.password,u1_0.role from users u1_0 where u1_0.email=?
Hibernate: select p1_0.id,p1_0.category,p1_0.description,p1_0.gender,p1_0.image_url,p1_0.name,p1_0.price from product p1_0 where p1_0.id=?
Hibernate: select wi1_0.id,wi1_0.product_id,wi1_0.user_id from wishlist_items wi1_0 where wi1_0.user_id=? and wi1_0.product_id=?
Hibernate: insert into wishlist_items (product_id,user_id) values (?,?)
Hibernate: select u1_0.id,u1_0.email,u1_0.name,u1_0.password,u1_0.role from users u1_0 where u1_0.email=?
Hibernate: select u1_0.id,u1_0.email,u1_0.name,u1_0.password,u1_0.role from users u1_0 where u1_0.email=?
Hibernate: select wi1_0.id,wi1_0.product_id,wi1_0.user_id from wishlist_items wi1_0 where wi1_0.user_id=?
Hibernate: select u1_0.id,u1_0.email,u1_0.name,u1_0.password,u1_0.role from users u1_0 where u1_0.email=?
Hibernate: select u1_0.id,u1_0.email,u1_0.name,u1_0.password,u1_0.role from users u1_0 where u1_0.email=?
Hibernate: select u1_0.id,u1_0.email,u1_0.name,u1_0.password,u1_0.role from users u1_0 where u1_0.email=?
Hibernate: select p1_0.id,p1_0.category,p1_0.description,p1_0.gender,p1_0.image_url,p1_0.name,p1_0.price from product p1_0 where p1_0.id=?
Hibernate: select wi1_0.id,wi1_0.product_id,wi1_0.user_id from wishlist_items wi1_0 where wi1_0.user_id=? and wi1_0.product_id=?
Hibernate: insert into wishlist_items (product_id,user_id) values (?,?)
Hibernate: select u1_0.id,u1_0.email,u1_0.name,u1_0.password,u1_0.role from users u1_0 where u1_0.email=?
Hibernate: select u1_0.id,u1_0.email,u1_0.name,u1_0.password,u1_0.role from users u1_0 where u1_0.email=?
Hibernate: select wi1_0.id,wi1_0.product_id,wi1_0.user_id from wishlist_items wi1_0 where wi1_0.user_id=?
Hibernate: select p1_0.id,p1_0.category,p1_0.description,p1_0.gender,p1_0.image_url,p1_0.name,p1_0.price from product p1_0 where p1_0.id=?
Hibernate: select u1_0.id,u1_0.email,u1_0.name,u1_0.password,u1_0.role from users u1_0 where u1_0.email=?
Hibernate: select u1_0.id,u1_0.email,u1_0.name,u1_0.password,u1_0.role from users u1_0 where u1_0.email=?
Hibernate: select u1_0.id,u1_0.email,u1_0.name,u1_0.password,u1_0.role from users u1_0 where u1_0.email=?
Hibernate: select p1_0.id,p1_0.category,p1_0.description,p1_0.gender,p1_0.image_url,p1_0.name,p1_0.price from product p1_0 where p1_0.id=?
Hibernate: select wi1_0.id,wi1_0.product_id,wi1_0.user_id from wishlist_items wi1_0 where wi1_0.user_id=? and wi1_0.product_id=?
Hibernate: insert into wishlist_items (product_id,user_id) values (?,?)
Hibernate: select u1_0.id,u1_0.email,u1_0.name,u1_0.password,u1_0.role from users u1_0 where u1_0.email=?
Hibernate: select u1_0.id,u1_0.email,u1_0.name,u1_0.password,u1_0.role from users u1_0 where u1_0.email=?
Hibernate: select wi1_0.id,wi1_0.product_id,wi1_0.user_id from wishlist_items wi1_0 where wi1_0.user_id=?
Hibernate: select p1_0.id,p1_0.category,p1_0.description,p1_0.gender,p1_0.image_url,p1_0.name,p1_0.price from product p1_0 where p1_0.id=?
Hibernate: select p1_0.id,p1_0.category,p1_0.description,p1_0.gender,p1_0.image_url,p1_0.name,p1_0.price from product p1_0 where p1_0.id=?
Hibernate: select u1_0.id,u1_0.email,u1_0.name,u1_0.password,u1_0.role from users u1_0 where u1_0.email=?
Hibernate: select p1_0.id,p1_0.category,p1_0.description,p1_0.gender,p1_0.image_url,p1_0.name,p1_0.price from product p1_0
Hibernate: select u1_0.id,u1_0.email,u1_0.name,u1_0.password,u1_0.role from users u1_0 where u1_0.email=?
Hibernate: select u1_0.id,u1_0.email,u1_0.name,u1_0.password,u1_0.role from users u1_0 where u1_0.email=?
Hibernate: select u1_0.id,u1_0.email,u1_0.name,u1_0.password,u1_0.role from users u1_0 where u1_0.email=?
Hibernate: select wi1_0.id,wi1_0.product_id,wi1_0.user_id from wishlist_items wi1_0 where wi1_0.user_id=?
Hibernate: select p1_0.id,p1_0.category,p1_0.description,p1_0.gender,p1_0.image_url,p1_0.name,p1_0.price from product p1_0 where p1_0.id=?
Hibernate: select p1_0.id,p1_0.category,p1_0.description,p1_0.gender,p1_0.image_url,p1_0.name,p1_0.price from product p1_0 where p1_0.id=?
Hibernate: select p1_0.id,p1_0.category,p1_0.description,p1_0.gender,p1_0.image_url,p1_0.name,p1_0.price from product p1_0 where p1_0.id=?
Hibernate: select u1_0.id,u1_0.email,u1_0.name,u1_0.password,u1_0.role from users u1_0 where u1_0.email=?
Hibernate: select u1_0.id,u1_0.email,u1_0.name,u1_0.password,u1_0.role from users u1_0 where u1_0.email=?
Hibernate: select u1_0.id,u1_0.email,u1_0.name,u1_0.password,u1_0.role from users u1_0 where u1_0.email=?
Hibernate: select u1_0.id,u1_0.email,u1_0.name,u1_0.password,u1_0.role from users u1_0 where u1_0.email=?
Hibernate: select wi1_0.id,wi1_0.product_id,wi1_0.user_id from wishlist_items wi1_0 where wi1_0.user_id=?
Hibernate: select u1_0.id,u1_0.email,u1_0.name,u1_0.password,u1_0.role from users u1_0 where u1_0.email=?
Hibernate: select u1_0.id,u1_0.email,u1_0.name,u1_0.password,u1_0.role from users u1_0 where u1_0.email=?
Hibernate: select u1_0.id,u1_0.email,u1_0.name,u1_0.password,u1_0.role from users u1_0 where u1_0.email=?
Hibernate: select wi1_0.id,wi1_0.product_id,wi1_0.user_id from wishlist_items wi1_0 where wi1_0.user_id=?
Hibernate: select u1_0.id,u1_0.email,u1_0.name,u1_0.password,u1_0.role from users u1_0 where u1_0.email=?
Hibernate: select u1_0.id,u1_0.email,u1_0.name,u1_0.password,u1_0.role from users u1_0 where u1_0.email=?
Hibernate: select p1_0.id,p1_0.category,p1_0.description,p1_0.gender,p1_0.image_url,p1_0.name,p1_0.price from product p1_0
Hibernate: select u1_0.id,u1_0.email,u1_0.name,u1_0.password,u1_0.role from users u1_0 where u1_0.email=?
Hibernate: select u1_0.id,u1_0.email,u1_0.name,u1_0.password,u1_0.role from users u1_0 where u1_0.email=?
Hibernate: select p1_0.id,p1_0.category,p1_0.description,p1_0.gender,p1_0.image_url,p1_0.name,p1_0.price from product p1_0
Hibernate: select u1_0.id,u1_0.email,u1_0.name,u1_0.password,u1_0.role from users u1_0 where u1_0.email=?
Hibernate: select wi1_0.id,wi1_0.product_id,wi1_0.user_id from wishlist_items wi1_0 where wi1_0.user_id=?
Hibernate: select u1_0.id,u1_0.email,u1_0.name,u1_0.password,u1_0.role from users u1_0 where u1_0.email=?
Hibernate: select u1_0.id,u1_0.email,u1_0.name,u1_0.password,u1_0.role from users u1_0 where u1_0.email=?
Hibernate: select u1_0.id,u1_0.email,u1_0.name,u1_0.password,u1_0.role from users u1_0 where u1_0.email=?
Hibernate: select wi1_0.id,wi1_0.product_id,wi1_0.user_id from wishlist_items wi1_0 where wi1_0.user_id=?
Hibernate: select u1_0.id,u1_0.email,u1_0.name,u1_0.password,u1_0.role from users u1_0 where u1_0.email=?
Hibernate: select u1_0.id,u1_0.email,u1_0.name,u1_0.password,u1_0.role from users u1_0 where u1_0.email=?
Hibernate: select u1_0.id,u1_0.email,u1_0.name,u1_0.password,u1_0.role from users u1_0 where u1_0.email=?
Hibernate: select u1_0.id,u1_0.email,u1_0.name,u1_0.password,u1_0.role from users u1_0 where u1_0.email=?
Hibernate: select wi1_0.id,wi1_0.product_id,wi1_0.user_id from wishlist_items wi1_0 where wi1_0.user_id=?
Hibernate: select p1_0.id,p1_0.category,p1_0.description,p1_0.gender,p1_0.image_url,p1_0.name,p1_0.price from product p1_0 where p1_0.id=?
Hibernate: select p1_0.id,p1_0.category,p1_0.description,p1_0.gender,p1_0.image_url,p1_0.name,p1_0.price from product p1_0 where p1_0.id=?
Hibernate: select p1_0.id,p1_0.category,p1_0.description,p1_0.gender,p1_0.image_url,p1_0.name,p1_0.price from product p1_0 where p1_0.id=?
Hibernate: select u1_0.id,u1_0.email,u1_0.name,u1_0.password,u1_0.role from users u1_0 where u1_0.email=?
Hibernate: select u1_0.id,u1_0.email,u1_0.name,u1_0.password,u1_0.role from users u1_0 where u1_0.email=?
Hibernate: select u1_0.id,u1_0.email,u1_0.name,u1_0.password,u1_0.role from users u1_0 where u1_0.email=?
Hibernate: select wi1_0.id,wi1_0.product_id,wi1_0.user_id from wishlist_items wi1_0 where wi1_0.user_id=?
Hibernate: select p1_0.id,p1_0.category,p1_0.description,p1_0.gender,p1_0.image_url,p1_0.name,p1_0.price from product p1_0 where p1_0.id=?
Hibernate: select p1_0.id,p1_0.category,p1_0.description,p1_0.gender,p1_0.image_url,p1_0.name,p1_0.price from product p1_0 where p1_0.id=?
Hibernate: select p1_0.id,p1_0.category,p1_0.description,p1_0.gender,p1_0.image_url,p1_0.name,p1_0.price from product p1_0 where p1_0.id=?
Hibernate: select u1_0.id,u1_0.email,u1_0.name,u1_0.password,u1_0.role from users u1_0 where u1_0.email=?
Hibernate: select p1_0.id,p1_0.category,p1_0.description,p1_0.gender,p1_0.image_url,p1_0.name,p1_0.price from product p1_0
Hibernate: select u1_0.id,u1_0.email,u1_0.name,u1_0.password,u1_0.role from users u1_0 where u1_0.email=?
Hibernate: select u1_0.id,u1_0.email,u1_0.name,u1_0.password,u1_0.role from users u1_0 where u1_0.email=?
Hibernate: select p1_0.id,p1_0.category,p1_0.description,p1_0.gender,p1_0.image_url,p1_0.name,p1_0.price from product p1_0
Hibernate: select u1_0.id,u1_0.email,u1_0.name,u1_0.password,u1_0.role from users u1_0 where u1_0.email=?
Hibernate: select u1_0.id,u1_0.email,u1_0.name,u1_0.password,u1_0.role from users u1_0 where u1_0.email=?
Hibernate: select wi1_0.id,wi1_0.product_id,wi1_0.user_id from wishlist_items wi1_0 where wi1_0.user_id=?
Hibernate: select p1_0.id,p1_0.category,p1_0.description,p1_0.gender,p1_0.image_url,p1_0.name,p1_0.price from product p1_0 where p1_0.id=?
Hibernate: select p1_0.id,p1_0.category,p1_0.description,p1_0.gender,p1_0.image_url,p1_0.name,p1_0.price from product p1_0 where p1_0.id=?
Hibernate: select p1_0.id,p1_0.category,p1_0.description,p1_0.gender,p1_0.image_url,p1_0.name,p1_0.price from product p1_0 where p1_0.id=?
Hibernate: select u1_0.id,u1_0.email,u1_0.name,u1_0.password,u1_0.role from users u1_0 where u1_0.email=?
Hibernate: select u1_0.id,u1_0.email,u1_0.name,u1_0.password,u1_0.role from users u1_0 where u1_0.email=?
Hibernate: select u1_0.id,u1_0.email,u1_0.name,u1_0.password,u1_0.role from users u1_0 where u1_0.email=?
Hibernate: select wi1_0.id,wi1_0.product_id,wi1_0.user_id from wishlist_items wi1_0 where wi1_0.user_id=?
Hibernate: select p1_0.id,p1_0.category,p1_0.description,p1_0.gender,p1_0.image_url,p1_0.name,p1_0.price from product p1_0 where p1_0.id=?
Hibernate: select p1_0.id,p1_0.category,p1_0.description,p1_0.gender,p1_0.image_url,p1_0.name,p1_0.price from product p1_0 where p1_0.id=?
Hibernate: select p1_0.id,p1_0.category,p1_0.description,p1_0.gender,p1_0.image_url,p1_0.name,p1_0.price from product p1_0 where p1_0.id=?
Hibernate: select u1_0.id,u1_0.email,u1_0.name,u1_0.password,u1_0.role from users u1_0 where u1_0.email=?
Hibernate: select u1_0.id,u1_0.email,u1_0.name,u1_0.password,u1_0.role from users u1_0 where u1_0.email=?
Hibernate: select u1_0.id,u1_0.email,u1_0.name,u1_0.password,u1_0.role from users u1_0 where u1_0.email=?
Hibernate: select u1_0.id,u1_0.email,u1_0.name,u1_0.password,u1_0.role from users u1_0 where u1_0.email=?
Hibernate: select wi1_0.id,wi1_0.product_id,wi1_0.user_id from wishlist_items wi1_0 where wi1_0.user_id=?
Hibernate: select p1_0.id,p1_0.category,p1_0.description,p1_0.gender,p1_0.image_url,p1_0.name,p1_0.price from product p1_0 where p1_0.id=?
Hibernate: select p1_0.id,p1_0.category,p1_0.description,p1_0.gender,p1_0.image_url,p1_0.name,p1_0.price from product p1_0 where p1_0.id=?
Hibernate: select p1_0.id,p1_0.category,p1_0.description,p1_0.gender,p1_0.image_url,p1_0.name,p1_0.price from product p1_0 where p1_0.id=?
Hibernate: select u1_0.id,u1_0.email,u1_0.name,u1_0.password,u1_0.role from users u1_0 where u1_0.email=?
Hibernate: select u1_0.id,u1_0.email,u1_0.name,u1_0.password,u1_0.role from users u1_0 where u1_0.email=?
Hibernate: select u1_0.id,u1_0.email,u1_0.name,u1_0.password,u1_0.role from users u1_0 where u1_0.email=?
Hibernate: select wi1_0.id,wi1_0.product_id,wi1_0.user_id from wishlist_items wi1_0 where wi1_0.user_id=?
Hibernate: select p1_0.id,p1_0.category,p1_0.description,p1_0.gender,p1_0.image_url,p1_0.name,p1_0.price from product p1_0 where p1_0.id=?
Hibernate: select p1_0.id,p1_0.category,p1_0.description,p1_0.gender,p1_0.image_url,p1_0.name,p1_0.price from product p1_0 where p1_0.id=?
Hibernate: select p1_0.id,p1_0.category,p1_0.description,p1_0.gender,p1_0.image_url,p1_0.name,p1_0.price from product p1_0 where p1_0.id=?
Hibernate: select p1_0.id,p1_0.category,p1_0.description,p1_0.gender,p1_0.image_url,p1_0.name,p1_0.price from product p1_0
Hibernate: select u1_0.id,u1_0.email,u1_0.name,u1_0.password,u1_0.role from users u1_0 where u1_0.email=?
Hibernate: select u1_0.id,u1_0.email,u1_0.name,u1_0.password,u1_0.role from users u1_0 where u1_0.email=?
Hibernate: select u1_0.id,u1_0.email,u1_0.name,u1_0.password,u1_0.role from users u1_0 where u1_0.email=?
Hibernate: select p1_0.id,p1_0.category,p1_0.description,p1_0.gender,p1_0.image_url,p1_0.name,p1_0.price from product p1_0
Hibernate: select u1_0.id,u1_0.email,u1_0.name,u1_0.password,u1_0.role from users u1_0 where u1_0.email=?
Hibernate: select u1_0.id,u1_0.email,u1_0.name,u1_0.password,u1_0.role from users u1_0 where u1_0.email=?
Hibernate: select wi1_0.id,wi1_0.product_id,wi1_0.user_id from wishlist_items wi1_0 where wi1_0.user_id=?
Hibernate: select p1_0.id,p1_0.category,p1_0.description,p1_0.gender,p1_0.image_url,p1_0.name,p1_0.price from product p1_0 where p1_0.id=?
Hibernate: select p1_0.id,p1_0.category,p1_0.description,p1_0.gender,p1_0.image_url,p1_0.name,p1_0.price from product p1_0 where p1_0.id=?
Hibernate: select p1_0.id,p1_0.category,p1_0.description,p1_0.gender,p1_0.image_url,p1_0.name,p1_0.price from product p1_0 where p1_0.id=?
Hibernate: select u1_0.id,u1_0.email,u1_0.name,u1_0.password,u1_0.role from users u1_0 where u1_0.email=?
Hibernate: select u1_0.id,u1_0.email,u1_0.name,u1_0.password,u1_0.role from users u1_0 where u1_0.email=?
Hibernate: select u1_0.id,u1_0.email,u1_0.name,u1_0.password,u1_0.role from users u1_0 where u1_0.email=?
Hibernate: select wi1_0.id,wi1_0.product_id,wi1_0.user_id from wishlist_items wi1_0 where wi1_0.user_id=?
Hibernate: select p1_0.id,p1_0.category,p1_0.description,p1_0.gender,p1_0.image_url,p1_0.name,p1_0.price from product p1_0 where p1_0.id=?
Hibernate: select p1_0.id,p1_0.category,p1_0.description,p1_0.gender,p1_0.image_url,p1_0.name,p1_0.price from product p1_0 where p1_0.id=?
Hibernate: select p1_0.id,p1_0.category,p1_0.description,p1_0.gender,p1_0.image_url,p1_0.name,p1_0.price from product p1_0 where p1_0.id=?
Hibernate: select u1_0.id,u1_0.email,u1_0.name,u1_0.password,u1_0.role from users u1_0 where u1_0.email=?
Hibernate: insert into users (email,name,password,role) values (?,?,?,?)
Hibernate: select u1_0.id,u1_0.email,u1_0.name,u1_0.password,u1_0.role from users u1_0 where u1_0.email=?
Hibernate: select u1_0.id,u1_0.email,u1_0.name,u1_0.password,u1_0.role from users u1_0 where u1_0.email=?
Hibernate: select u1_0.id,u1_0.email,u1_0.name,u1_0.password,u1_0.role from users u1_0 where u1_0.email=?
[INFO] ------------------------------------------------------------------------
[INFO] BUILD FAILURE
[INFO] ------------------------------------------------------------------------
[INFO] Total time:  07:05 min
[INFO] Finished at: 2026-03-14T20:08:54+05:30
[INFO] ------------------------------------------------------------------------
[ERROR] Failed to execute goal org.springframework.boot:spring-boot-maven-plugin:4.0.2:run (default-cli) on project backend: Process terminated with exit code: 1 -> [Help 1]
[ERROR] 
[ERROR] To see the full stack trace of the errors, re-run Maven with the -e switch.
[ERROR] Re-run Maven using the -X switch to enable full debug logging.
[ERROR] 
[ERROR] For more information about the errors and possible solutions, please read the following articles:
[ERROR] [Help 1] http://cwiki.apache.org/confluence/display/MAVEN/MojoExecutionException
